<?xml version="1.0" encoding="UTF-8"?>
<!-- Generated by org.testng.reporters.JUnitReportReporter -->
<testsuite skipped="0" hostname="DESKTOP-17N9VBP" name="testCase.TC_12Test" tests="1" failures="0" timestamp="2021-08-21T08:08:43 NPT" time="39.569" errors="0">
  <testcase name="createContact" time="39.569" classname="testCase.TC_12Test"/>
  <system-out/>
</testsuite> <!-- testCase.TC_12Test -->
