<?xml version="1.0" encoding="UTF-8"?>
<!-- Generated by org.testng.reporters.JUnitReportReporter -->
<testsuite skipped="0" hostname="DESKTOP-17N9VBP" name="testCase.TC_13Test" tests="1" failures="0" timestamp="2021-08-21T08:07:37 NPT" time="34.292" errors="0">
  <testcase name="DeleteContact" time="34.292" classname="testCase.TC_13Test"/>
  <system-out/>
</testsuite> <!-- testCase.TC_13Test -->
