<?xml version="1.0" encoding="UTF-8"?>
<!-- Generated by org.testng.reporters.JUnitReportReporter -->
<testsuite skipped="0" hostname="DESKTOP-17N9VBP" name="testCase.TC_11Test" tests="1" failures="0" timestamp="2021-08-21T08:10:30 NPT" time="38.873" errors="0">
  <testcase name="conditon" time="38.873" classname="testCase.TC_11Test"/>
  <system-out/>
</testsuite> <!-- testCase.TC_11Test -->
