<?xml version="1.0" encoding="UTF-8"?>
<!-- Generated by org.testng.reporters.JUnitReportReporter -->
<testsuite skipped="0" hostname="DESKTOP-17N9VBP" name="testCase.TC_15Test" tests="1" failures="0" timestamp="2021-08-21T12:51:39 NPT" time="30.636" errors="0">
  <testcase name="EditContact" time="30.636" classname="testCase.TC_15Test"/>
  <system-out/>
</testsuite> <!-- testCase.TC_15Test -->
