<?xml version="1.0" encoding="UTF-8"?>
<!-- Generated by org.testng.reporters.JUnitReportReporter -->
<testsuite skipped="0" hostname="DESKTOP-17N9VBP" name="testCase.TC_14Test" tests="1" failures="0" timestamp="2021-08-20T19:30:56 NPT" time="25.443" errors="0">
  <testcase name="DeleteContact" time="25.443" classname="testCase.TC_14Test"/>
  <system-out/>
</testsuite> <!-- testCase.TC_14Test -->
